Arguments: 
  C:\Program Files\nodejs\node.exe C:\Users\robot\AppData\Roaming\npm\node_modules\yarn\bin\yarn.js install

PATH: 
  C:\Program Files\Common Files\Oracle\Java\javapath;C:\ProgramData\Anaconda3;C:\ProgramData\Anaconda3\Library\mingw-w64\bin;C:\ProgramData\Anaconda3\Library\usr\bin;C:\ProgramData\Anaconda3\Library\bin;C:\ProgramData\Anaconda3\Scripts;D:\node;C:\WINDOWS\system32;C:\WINDOWS;C:\WINDOWS\System32\Wbem;C:\WINDOWS\System32\WindowsPowerShell\v1.0\;C:\WINDOWS\System32\OpenSSH\;C:\Program Files\dotnet\;C:\Program Files\Go\bin;D:\FlutterSDK\flutter\flutter\bin;D:\FlutterSDK\flutter\flutter\bin\cache\dart-sdk\bin;D:\Program Files\Git\Git\cmd;C:\ProgramData\chocolatey\bin;C:\Program Files\nodejs\;D:\微信web开发者工具\dll;C:\Users\robot\AppData\Local\Programs\Python\Python37\Scripts\;C:\Users\robot\AppData\Local\Programs\Python\Python37\;C:\Users\robot\AppData\Local\Microsoft\WindowsApps;C:\Program Files\JetBrains\PyCharm 2021.3\bin;;C:\Users\robot\AppData\Local\Programs\Microsoft VS Code\bin;C:\Users\robot\go\bin;D:\jetbrains\GoLand 2021.3.1\bin;;D:\node\node_global;C:\Users\robot\AppData\Roaming\npm

Yarn version: 
  1.22.19

Node version: 
  16.15.0

Platform: 
  win32 x64

Trace: 
  Error: EPERM: operation not permitted, unlink 'C:\Users\robot\Desktop\chat-rpg\chat\node_modules\@esbuild\win32-x64\esbuild.exe'

npm manifest: 
  {
    "name": "chat",
    "version": "0.0.0",
    "private": true,
    "scripts": {
      "dev": "vite",
      "build": "run-p type-check build-only",
      "preview": "vite preview",
      "build-only": "vite build",
      "type-check": "vue-tsc --noEmit"
    },
    "dependencies": {
      "@headlessui/vue": "^1.7.7",
      "@heroicons/vue": "^2.0.13",
      "animate.css": "^4.1.1",
      "axios": "^1.2.1",
      "daisyui": "^2.46.0",
      "nprogress": "^0.2.0",
      "vue": "^3.2.45",
      "vue-router": "^4.1.6"
    },
    "devDependencies": {
      "@types/axios": "^0.14.0",
      "@types/node": "^18.11.12",
      "@types/nprogress": "^0.2.0",
      "@vitejs/plugin-vue": "^4.0.0",
      "@vue/tsconfig": "^0.1.3",
      "autoprefixer": "^10.4.13",
      "less": "^4.1.3",
      "less-loader": "^11.1.0",
      "npm-run-all": "^4.1.5",
      "postcss": "^8.4.20",
      "tailwindcss": "^3.2.4",
      "typescript": "~4.7.4",
      "vite": "^4.0.0",
      "vue-tsc": "^1.0.12"
    }
  }

yarn manifest: 
  No manifest

Lockfile: 
  No lockfile
